<!DOCTYPE html PUBLIC "-//W3C//DTD XHTML 1.1//EN" "http://www.w3.org/TR/xhtml11/DTD/xhtml11.dtd">
<html xmlns="http://www.w3.org/1999/xhtml"><head><title>TestNG Report</title><style type="text/css">table {margin-bottom:10px;border-collapse:collapse;empty-cells:show}th,td {border:1px solid #009;padding:.25em .5em}th {vertical-align:bottom}td {vertical-align:top}table a {font-weight:bold}.stripe td {background-color: #E6EBF9}.num {text-align:right}.passedodd td {background-color: #3F3}.passedeven td {background-color: #0A0}.skippedodd td {background-color: #DDD}.skippedeven td {background-color: #CCC}.failedodd td,.attn {background-color: #F33}.failedeven td,.stripe .attn {background-color: #D00}.stacktrace {white-space:pre;font-family:monospace}.totop {font-size:85%;text-align:center;border-bottom:2px solid #000}</style></head><body><table><tr><th>Test</th><th># Passed</th><th># Skipped</th><th># Failed</th><th>Time (ms)</th><th>Included Groups</th><th>Excluded Groups</th></tr><tr><th colspan="7">Command line suite</th></tr><tr><td><a href="#t0">Command line test</a></td><td class="num">6</td><td class="num">0</td><td class="num attn">5</td><td class="num">5,324</td><td></td><td></td></tr></table><table><thead><tr><th>Class</th><th>Method</th><th>Start</th><th>Time (ms)</th></tr></thead><tbody><tr><th colspan="4">Command line suite</th></tr></tbody><tbody id="t0"><tr><th colspan="4">Command line test &#8212; failed</th></tr><tr class="failedeven"><td rowspan="1">com.apex.customerServiceTest.DeleteTest</td><td><a href="#m0">deleteRecord</a></td><td rowspan="1">1575923751431</td><td rowspan="1">1975</td></tr><tr class="failedodd"><td rowspan="4">com.apex.customerServiceTest.GetTest</td><td><a href="#m1">testwithHashSymbol</a></td><td rowspan="1">1575923753956</td><td rowspan="1">4</td></tr><tr class="failedodd"><td><a href="#m2">testwithPositiveNumber</a></td><td rowspan="1">1575923754745</td><td rowspan="1">386</td></tr><tr class="failedodd"><td><a href="#m3">testwithSpace</a></td><td rowspan="1">1575923755133</td><td rowspan="1">2</td></tr><tr class="failedodd"><td><a href="#m4">testwithZeroes</a></td><td rowspan="1">1575923755525</td><td rowspan="1">385</td></tr><tr><th colspan="4">Command line test &#8212; passed</th></tr><tr class="passedeven"><td rowspan="4">com.apex.customerServiceTest.GetTest</td><td><a href="#m5">testwithAsterik</a></td><td rowspan="1">1575923753490</td><td rowspan="1">463</td></tr><tr class="passedeven"><td><a href="#m6">testwithInvalidData</a></td><td rowspan="1">1575923753962</td><td rowspan="1">399</td></tr><tr class="passedeven"><td><a href="#m7">testwithNegativeNumber</a></td><td rowspan="1">1575923754362</td><td rowspan="1">381</td></tr><tr class="passedeven"><td><a href="#m8">testwithSpecialCharacters</a></td><td rowspan="1">1575923755139</td><td rowspan="1">385</td></tr><tr class="passedodd"><td rowspan="1">com.apex.customerServiceTest.PostTest</td><td><a href="#m9">sendPOST</a></td><td rowspan="1">1575923755912</td><td rowspan="1">390</td></tr><tr class="passedeven"><td rowspan="1">com.apex.customerServiceTest.PutTest</td><td><a href="#m10">updatePositiveNumberWithPut</a></td><td rowspan="1">1575923756303</td><td rowspan="1">410</td></tr></tbody></table><h2>Command line test</h2><h3 id="m0">com.apex.customerServiceTest.DeleteTest#deleteRecord</h3><table class="result"><tr><th>Exception</th></tr><tr><td><div class="stacktrace">java.lang.AssertionError: expected [200] but found [404]
	at com.apex.api.core.ApexHttpValidator.performCommonResponseValidations(ApexHttpValidator.java:8)
	at com.apex.customerServiceTest.DeleteTest.deleteRecord(DeleteTest.java:21)
... Removed 40 stack frames</div></td></tr></table><p class="totop"><a href="#summary">back to summary</a></p><h3 id="m1">com.apex.customerServiceTest.GetTest#testwithHashSymbol</h3><table class="result"><tr><th>Exception</th></tr><tr><td><div class="stacktrace">java.lang.IllegalArgumentException: Illegal character in fragment at index 46: http://www.thomas-bayer.com/sqlrest/CUSTOMER/##
	at java.net.URI.create(URI.java:852)
	at org.apache.http.client.methods.HttpGet.&lt;init&gt;(HttpGet.java:66)
	at com.apex.api.core.ApexHttpUtil.sendAndReceiveGETMessage(ApexHttpUtil.java:33)
	at com.apex.customerServiceTest.GetTest.testwithHashSymbol(GetTest.java:73)
Caused by: java.net.URISyntaxException: Illegal character in fragment at index 46: http://www.thomas-bayer.com/sqlrest/CUSTOMER/##
	at java.net.URI$Parser.fail(URI.java:2848)
	at java.net.URI$Parser.checkChars(URI.java:3021)
	at java.net.URI$Parser.parse(URI.java:3067)
	at java.net.URI.&lt;init&gt;(URI.java:588)
	at java.net.URI.create(URI.java:850)
	... 37 more
... Removed 34 stack frames</div></td></tr></table><p class="totop"><a href="#summary">back to summary</a></p><h3 id="m2">com.apex.customerServiceTest.GetTest#testwithPositiveNumber</h3><table class="result"><tr><th>Exception</th></tr><tr><td><div class="stacktrace">java.lang.AssertionError: expected [200] but found [404]
	at com.apex.api.core.ApexHttpValidator.performCommonResponseValidations(ApexHttpValidator.java:8)
	at com.apex.customerServiceTest.GetTest.testwithPositiveNumber(GetTest.java:21)
... Removed 40 stack frames</div></td></tr></table><p class="totop"><a href="#summary">back to summary</a></p><h3 id="m3">com.apex.customerServiceTest.GetTest#testwithSpace</h3><table class="result"><tr><th>Exception</th></tr><tr><td><div class="stacktrace">java.lang.IllegalArgumentException: Illegal character in path at index 45: http://www.thomas-bayer.com/sqlrest/CUSTOMER/  
	at java.net.URI.create(URI.java:852)
	at org.apache.http.client.methods.HttpGet.&lt;init&gt;(HttpGet.java:66)
	at com.apex.api.core.ApexHttpUtil.sendAndReceiveGETMessage(ApexHttpUtil.java:33)
	at com.apex.customerServiceTest.GetTest.testwithSpace(GetTest.java:52)
Caused by: java.net.URISyntaxException: Illegal character in path at index 45: http://www.thomas-bayer.com/sqlrest/CUSTOMER/  
	at java.net.URI$Parser.fail(URI.java:2848)
	at java.net.URI$Parser.checkChars(URI.java:3021)
	at java.net.URI$Parser.parseHierarchical(URI.java:3105)
	at java.net.URI$Parser.parse(URI.java:3053)
	at java.net.URI.&lt;init&gt;(URI.java:588)
	at java.net.URI.create(URI.java:850)
	... 37 more
... Removed 34 stack frames</div></td></tr></table><p class="totop"><a href="#summary">back to summary</a></p><h3 id="m4">com.apex.customerServiceTest.GetTest#testwithZeroes</h3><table class="result"><tr><th>Exception</th></tr><tr><td><div class="stacktrace">java.lang.AssertionError: expected [200] but found [404]
	at com.apex.api.core.ApexHttpValidator.performCommonResponseValidations(ApexHttpValidator.java:8)
	at com.apex.customerServiceTest.GetTest.testwithZeroes(GetTest.java:60)
... Removed 40 stack frames</div></td></tr></table><p class="totop"><a href="#summary">back to summary</a></p><h3 id="m5">com.apex.customerServiceTest.GetTest#testwithAsterik</h3><table class="result"></table><p class="totop"><a href="#summary">back to summary</a></p><h3 id="m6">com.apex.customerServiceTest.GetTest#testwithInvalidData</h3><table class="result"></table><p class="totop"><a href="#summary">back to summary</a></p><h3 id="m7">com.apex.customerServiceTest.GetTest#testwithNegativeNumber</h3><table class="result"></table><p class="totop"><a href="#summary">back to summary</a></p><h3 id="m8">com.apex.customerServiceTest.GetTest#testwithSpecialCharacters</h3><table class="result"></table><p class="totop"><a href="#summary">back to summary</a></p><h3 id="m9">com.apex.customerServiceTest.PostTest#sendPOST</h3><table class="result"></table><p class="totop"><a href="#summary">back to summary</a></p><h3 id="m10">com.apex.customerServiceTest.PutTest#updatePositiveNumberWithPut</h3><table class="result"></table><p class="totop"><a href="#summary">back to summary</a></p></body></html>