<?xml version="1.0" encoding="UTF-8"?>
<testng-results skipped="0" failed="1" total="6" passed="5">
  <reporter-output>
  </reporter-output>
  <suite name="Command line suite" duration-ms="3713" started-at="2019-12-06T07:47:24Z" finished-at="2019-12-06T07:47:27Z">
    <groups>
    </groups>
    <test name="Command line test" duration-ms="3713" started-at="2019-12-06T07:47:24Z" finished-at="2019-12-06T07:47:27Z">
      <class name="com.apex.customerServiceTest.GetTest">
        <test-method status="PASS" signature="testwithInvalidData()[pri:0, instance:com.apex.customerServiceTest.GetTest@30c7da1e]" name="testwithInvalidData" duration-ms="1303" started-at="2019-12-05T23:47:24Z" finished-at="2019-12-05T23:47:25Z">
          <reporter-output>
          </reporter-output>
        </test-method> <!-- testwithInvalidData -->
        <test-method status="PASS" signature="testwithNegativeNumber()[pri:0, instance:com.apex.customerServiceTest.GetTest@30c7da1e]" name="testwithNegativeNumber" duration-ms="384" started-at="2019-12-05T23:47:25Z" finished-at="2019-12-05T23:47:25Z">
          <reporter-output>
          </reporter-output>
        </test-method> <!-- testwithNegativeNumber -->
        <test-method status="FAIL" signature="testwithPositiveNumber()[pri:0, instance:com.apex.customerServiceTest.GetTest@30c7da1e]" name="testwithPositiveNumber" duration-ms="387" started-at="2019-12-05T23:47:25Z" finished-at="2019-12-05T23:47:26Z">
          <exception class="java.lang.AssertionError">
            <message>
              <![CDATA[expected [200] but found [404]]]>
            </message>
            <full-stacktrace>
              <![CDATA[java.lang.AssertionError: expected [200] but found [404]
	at org.testng.Assert.fail(Assert.java:94)
	at org.testng.Assert.failNotEquals(Assert.java:513)
	at org.testng.Assert.assertEqualsImpl(Assert.java:135)
	at org.testng.Assert.assertEquals(Assert.java:116)
	at org.testng.Assert.assertEquals(Assert.java:389)
	at org.testng.Assert.assertEquals(Assert.java:399)
	at com.apex.customerServiceTest.GetTest.testwithPositiveNumber(GetTest.java:26)
	at sun.reflect.NativeMethodAccessorImpl.invoke0(Native Method)
	at sun.reflect.NativeMethodAccessorImpl.invoke(NativeMethodAccessorImpl.java:62)
	at sun.reflect.DelegatingMethodAccessorImpl.invoke(DelegatingMethodAccessorImpl.java:43)
	at java.lang.reflect.Method.invoke(Method.java:498)
	at org.testng.internal.MethodInvocationHelper.invokeMethod(MethodInvocationHelper.java:86)
	at org.testng.internal.Invoker.invokeMethod(Invoker.java:643)
	at org.testng.internal.Invoker.invokeTestMethod(Invoker.java:820)
	at org.testng.internal.Invoker.invokeTestMethods(Invoker.java:1128)
	at org.testng.internal.TestMethodWorker.invokeTestMethods(TestMethodWorker.java:129)
	at org.testng.internal.TestMethodWorker.run(TestMethodWorker.java:112)
	at org.testng.TestRunner.privateRun(TestRunner.java:782)
	at org.testng.TestRunner.run(TestRunner.java:632)
	at org.testng.SuiteRunner.runTest(SuiteRunner.java:366)
	at org.testng.SuiteRunner.runSequentially(SuiteRunner.java:361)
	at org.testng.SuiteRunner.privateRun(SuiteRunner.java:319)
	at org.testng.SuiteRunner.run(SuiteRunner.java:268)
	at org.testng.SuiteRunnerWorker.runSuite(SuiteRunnerWorker.java:52)
	at org.testng.SuiteRunnerWorker.run(SuiteRunnerWorker.java:86)
	at org.testng.TestNG.runSuitesSequentially(TestNG.java:1244)
	at org.testng.TestNG.runSuitesLocally(TestNG.java:1169)
	at org.testng.TestNG.run(TestNG.java:1064)
	at org.apache.maven.surefire.testng.TestNGExecutor.run(TestNGExecutor.java:77)
	at org.apache.maven.surefire.testng.TestNGDirectoryTestSuite.executeMulti(TestNGDirectoryTestSuite.java:159)
	at org.apache.maven.surefire.testng.TestNGDirectoryTestSuite.execute(TestNGDirectoryTestSuite.java:99)
	at org.apache.maven.surefire.testng.TestNGProvider.invoke(TestNGProvider.java:106)
	at sun.reflect.NativeMethodAccessorImpl.invoke0(Native Method)
	at sun.reflect.NativeMethodAccessorImpl.invoke(NativeMethodAccessorImpl.java:62)
	at sun.reflect.DelegatingMethodAccessorImpl.invoke(DelegatingMethodAccessorImpl.java:43)
	at java.lang.reflect.Method.invoke(Method.java:498)
	at org.apache.maven.surefire.util.ReflectionUtils.invokeMethodWithArray(ReflectionUtils.java:189)
	at org.apache.maven.surefire.booter.ProviderFactory$ProviderProxy.invoke(ProviderFactory.java:165)
	at org.apache.maven.surefire.booter.ProviderFactory.invokeProvider(ProviderFactory.java:85)
	at org.apache.maven.surefire.booter.ForkedBooter.runSuitesInProcess(ForkedBooter.java:115)
	at org.apache.maven.surefire.booter.ForkedBooter.main(ForkedBooter.java:75)
]]>
            </full-stacktrace>
          </exception> <!-- java.lang.AssertionError -->
          <reporter-output>
          </reporter-output>
        </test-method> <!-- testwithPositiveNumber -->
        <test-method status="PASS" signature="testwithSpecialCharacters()[pri:0, instance:com.apex.customerServiceTest.GetTest@30c7da1e]" name="testwithSpecialCharacters" duration-ms="385" started-at="2019-12-05T23:47:26Z" finished-at="2019-12-05T23:47:26Z">
          <reporter-output>
          </reporter-output>
        </test-method> <!-- testwithSpecialCharacters -->
      </class> <!-- com.apex.customerServiceTest.GetTest -->
      <class name="com.apex.customerServiceTest.PutTest">
        <test-method status="PASS" signature="testwithPositiveNumberPut()[pri:0, instance:com.apex.customerServiceTest.PutTest@19dfb72a]" name="testwithPositiveNumberPut" duration-ms="460" started-at="2019-12-05T23:47:27Z" finished-at="2019-12-05T23:47:27Z">
          <reporter-output>
          </reporter-output>
        </test-method> <!-- testwithPositiveNumberPut -->
      </class> <!-- com.apex.customerServiceTest.PutTest -->
      <class name="com.apex.customerServiceTest.PostTest">
        <test-method status="PASS" signature="sendPOST()[pri:0, instance:com.apex.customerServiceTest.PostTest@17c68925]" name="sendPOST" duration-ms="766" started-at="2019-12-05T23:47:26Z" finished-at="2019-12-05T23:47:27Z">
          <reporter-output>
          </reporter-output>
        </test-method> <!-- sendPOST -->
      </class> <!-- com.apex.customerServiceTest.PostTest -->
    </test> <!-- Command line test -->
  </suite> <!-- Command line suite -->
</testng-results>
